# JRE version: Java(TM) SE Runtime Environment (8.0_05-b13) (build 1.8.0_05-b13)
# Java VM: Java HotSpot(TM) 64-Bit Server VM (25.5-b02 mixed mode windows-amd64 compressed oops)
Heap:
 PSYoungGen      total 9728K, used 7274K [0x00000000d5700000, 0x00000000d6800000, 0x0000000100000000)
  eden space 8192K, 70% used [0x00000000d5700000,0x00000000d5c9aac8,0x00000000d5f00000)
  from space 1536K, 100% used [0x00000000d5f00000,0x00000000d6080000,0x00000000d6080000)
  to   space 2048K, 0% used [0x00000000d6600000,0x00000000d6600000,0x00000000d6800000)
 ParOldGen       total 129536K, used 2322K [0x0000000080400000, 0x0000000088280000, 0x00000000d5700000)
  object space 129536K, 1% used [0x0000000080400000,0x0000000080644830,0x0000000088280000)
 Metaspace       used 14027K, capacity 14213K, committed 14336K, reserved 1062912K
  class space    used 1483K, capacity 1528K, committed 1536K, reserved 1048576K
GC Heap History (10 events):
Event: 0.275 GC heap before
{Heap before GC invocations=5 (full 0):
 PSYoungGen      total 2560K, used 2528K [0x00000000d5700000, 0x00000000d5a00000, 0x0000000100000000)
  eden space 2048K, 100% used [0x00000000d5700000,0x00000000d5900000,0x00000000d5900000)
  from space 512K, 93% used [0x00000000d5980000,0x00000000d59f8020,0x00000000d5a00000)
  to   space 512K, 0% used [0x00000000d5900000,0x00000000d5900000,0x00000000d5980000)
 ParOldGen       total 129536K, used 685K [0x0000000080400000, 0x0000000088280000, 0x00000000d5700000)
  object space 129536K, 0% used [0x0000000080400000,0x00000000804ab748,0x0000000088280000)
 Metaspace       used 5321K, capacity 5382K, committed 5504K, reserved 1056768K
  class space    used 601K, capacity 626K, committed 640K, reserved 1048576K
Event: 0.276 GC heap after
Heap after GC invocations=5 (full 0):
 PSYoungGen      total 2560K, used 512K [0x00000000d5700000, 0x00000000d5e00000, 0x0000000100000000)
  eden space 2048K, 0% used [0x00000000d5700000,0x00000000d5700000,0x00000000d5900000)
  from space 512K, 100% used [0x00000000d5900000,0x00000000d5980000,0x00000000d5980000)
  to   space 1536K, 0% used [0x00000000d5c80000,0x00000000d5c80000,0x00000000d5e00000)
 ParOldGen       total 129536K, used 1091K [0x0000000080400000, 0x0000000088280000, 0x00000000d5700000)
  object space 129536K, 0% used [0x0000000080400000,0x0000000080510ff0,0x0000000088280000)
 Metaspace       used 5321K, capacity 5382K, committed 5504K, reserved 1056768K
  class space    used 601K, capacity 626K, committed 640K, reserved 1048576K
}
Event: 0.414 GC heap before
{Heap before GC invocations=6 (full 0):
 PSYoungGen      total 2560K, used 2439K [0x00000000d5700000, 0x00000000d5e00000, 0x0000000100000000)
  eden space 2048K, 94% used [0x00000000d5700000,0x00000000d58e1ed8,0x00000000d5900000)
  from space 512K, 100% used [0x00000000d5900000,0x00000000d5980000,0x00000000d5980000)
  to   space 1536K, 0% used [0x00000000d5c80000,0x00000000d5c80000,0x00000000d5e00000)
 ParOldGen       total 129536K, used 1091K [0x0000000080400000, 0x0000000088280000, 0x00000000d5700000)
  object space 129536K, 0% used [0x0000000080400000,0x0000000080510ff0,0x0000000088280000)
 Metaspace       used 7994K, capacity 8134K, committed 8192K, reserved 1056768K
  class space    used 960K, capacity 1020K, committed 1024K, reserved 1048576K
Event: 0.415 GC heap after
Heap after GC invocations=6 (full 0):
 PSYoungGen      total 5632K, used 1135K [0x00000000d5700000, 0x00000000d5e00000, 0x0000000100000000)
  eden space 4096K, 0% used [0x00000000d5700000,0x00000000d5700000,0x00000000d5b00000)
  from space 1536K, 73% used [0x00000000d5c80000,0x00000000d5d9bc20,0x00000000d5e00000)
  to   space 1536K, 0% used [0x00000000d5b00000,0x00000000d5b00000,0x00000000d5c80000)
 ParOldGen       total 129536K, used 1099K [0x0000000080400000, 0x0000000088280000, 0x00000000d5700000)
  object space 129536K, 0% used [0x0000000080400000,0x0000000080512ff0,0x0000000088280000)
 Metaspace       used 7994K, capacity 8134K, committed 8192K, reserved 1056768K
  class space    used 960K, capacity 1020K, committed 1024K, reserved 1048576K
}
Event: 0.524 GC heap before
{Heap before GC invocations=7 (full 0):
 PSYoungGen      total 5632K, used 5231K [0x00000000d5700000, 0x00000000d5e00000, 0x0000000100000000)
  eden space 4096K, 100% used [0x00000000d5700000,0x00000000d5b00000,0x00000000d5b00000)
  from space 1536K, 73% used [0x00000000d5c80000,0x00000000d5d9bc20,0x00000000d5e00000)
  to   space 1536K, 0% used [0x00000000d5b00000,0x00000000d5b00000,0x00000000d5c80000)
 ParOldGen       total 129536K, used 1099K [0x0000000080400000, 0x0000000088280000, 0x00000000d5700000)
  object space 129536K, 0% used [0x0000000080400000,0x0000000080512ff0,0x0000000088280000)
 Metaspace       used 10653K, capacity 10835K, committed 11136K, reserved 1058816K
  class space    used 1068K, capacity 1109K, committed 1152K, reserved 1048576K
Event: 0.526 GC heap after
Heap after GC invocations=7 (full 0):
 PSYoungGen      total 5632K, used 1082K [0x00000000d5700000, 0x00000000d6200000, 0x0000000100000000)
  eden space 4096K, 0% used [0x00000000d5700000,0x00000000d5700000,0x00000000d5b00000)
  from space 1536K, 70% used [0x00000000d5b00000,0x00000000d5c0eaa8,0x00000000d5c80000)
  to   space 1536K, 0% used [0x00000000d6080000,0x00000000d6080000,0x00000000d6200000)
 ParOldGen       total 129536K, used 1368K [0x0000000080400000, 0x0000000088280000, 0x00000000d5700000)
  object space 129536K, 1% used [0x0000000080400000,0x0000000080556050,0x0000000088280000)
 Metaspace       used 10653K, capacity 10835K, committed 11136K, reserved 1058816K
  class space    used 1068K, capacity 1109K, committed 1152K, reserved 1048576K
}
Event: 0.804 GC heap before
{Heap before GC invocations=8 (full 0):
 PSYoungGen      total 5632K, used 5178K [0x00000000d5700000, 0x00000000d6200000, 0x0000000100000000)
  eden space 4096K, 100% used [0x00000000d5700000,0x00000000d5b00000,0x00000000d5b00000)
  from space 1536K, 70% used [0x00000000d5b00000,0x00000000d5c0eaa8,0x00000000d5c80000)
  to   space 1536K, 0% used [0x00000000d6080000,0x00000000d6080000,0x00000000d6200000)
 ParOldGen       total 129536K, used 1368K [0x0000000080400000, 0x0000000088280000, 0x00000000d5700000)
  object space 129536K, 1% used [0x0000000080400000,0x0000000080556050,0x0000000088280000)
 Metaspace       used 11331K, capacity 11481K, committed 11776K, reserved 1060864K
  class space    used 1134K, capacity 1174K, committed 1280K, reserved 1048576K
Event: 0.808 GC heap after
Heap after GC invocations=8 (full 0):
 PSYoungGen      total 9728K, used 1067K [0x00000000d5700000, 0x00000000d6200000, 0x0000000100000000)
  eden space 8192K, 0% used [0x00000000d5700000,0x00000000d5700000,0x00000000d5f00000)
  from space 1536K, 69% used [0x00000000d6080000,0x00000000d618af60,0x00000000d6200000)
  to   space 1536K, 0% used [0x00000000d5f00000,0x00000000d5f00000,0x00000000d6080000)
 ParOldGen       total 129536K, used 1536K [0x0000000080400000, 0x0000000088280000, 0x00000000d5700000)
  object space 129536K, 1% used [0x0000000080400000,0x0000000080580050,0x0000000088280000)
 Metaspace       used 11331K, capacity 11481K, committed 11776K, reserved 1060864K
  class space    used 1134K, capacity 1174K, committed 1280K, reserved 1048576K
}
Event: 0.939 GC heap before
{Heap before GC invocations=9 (full 0):
 PSYoungGen      total 9728K, used 9259K [0x00000000d5700000, 0x00000000d6200000, 0x0000000100000000)
  eden space 8192K, 100% used [0x00000000d5700000,0x00000000d5f00000,0x00000000d5f00000)
  from space 1536K, 69% used [0x00000000d6080000,0x00000000d618af60,0x00000000d6200000)
  to   space 1536K, 0% used [0x00000000d5f00000,0x00000000d5f00000,0x00000000d6080000)
 ParOldGen       total 129536K, used 1536K [0x0000000080400000, 0x0000000088280000, 0x00000000d5700000)
  object space 129536K, 1% used [0x0000000080400000,0x0000000080580050,0x0000000088280000)
 Metaspace       used 11426K, capacity 11545K, committed 11776K, reserved 1060864K
  class space    used 1139K, capacity 1174K, committed 1280K, reserved 1048576K
Event: 0.945 GC heap after
Heap after GC invocations=9 (full 0):
 PSYoungGen      total 9728K, used 1536K [0x00000000d5700000, 0x00000000d6800000, 0x0000000100000000)
  eden space 8192K, 0% used [0x00000000d5700000,0x00000000d5700000,0x00000000d5f00000)
  from space 1536K, 100% used [0x00000000d5f00000,0x00000000d6080000,0x00000000d6080000)
  to   space 2048K, 0% used [0x00000000d6600000,0x00000000d6600000,0x00000000d6800000)
 ParOldGen       total 129536K, used 2322K [0x0000000080400000, 0x0000000088280000, 0x00000000d5700000)
  object space 129536K, 1% used [0x0000000080400000,0x0000000080644830,0x0000000088280000)
 Metaspace       used 11426K, capacity 11545K, committed 11776K, reserved 1060864K
  class space    used 1139K, capacity 1174K, committed 1280K, reserved 1048576K
}

